# -*-compilation-*-
Changing working directory to `C:/Documents and Settings/Administrator/Desktop/Music/Lilypond Music/Solo'
Processing `C:/Documents and Settings/Administrator/Desktop/Music/Lilypond Music/Solo/Scales.ly'
Parsing...
C:/Documents and Settings/Administrator/Desktop/Music/Lilypond Music/Solo/Scales.ly:62:16: error: syntax error, unexpected \tempo
        \midi { 
                \tempo 4=120}
Interpreting music... 
warning: can't find property type-check for `instrument' (translation-type?).  perhaps a typing error?
warning: doing assignment anyway
C:/Documents and Settings/Administrator/Desktop/Music/Lilypond Music/Solo/Scales.ly:37:8: warning: Two simultaneous key-change events, junking this one
	
        \key c \major c1 ^\markup {C Major} d e f g a b c c, e g c \break
C:/Documents and Settings/Administrator/Desktop/Music/Lilypond Music/Solo/Scales.ly:32:19: warning: Previous key-change event here
        \clef bass 
                   \key c \major 
[8][16][24][32][40][48][56][64][72][80][88][96][104][112][120][128][136][144]
Preprocessing graphical objects...
Interpreting music... 
warning: can't find property type-check for `instrument' (translation-type?).  perhaps a typing error?
warning: doing assignment anyway
MIDI output to `Scales.midi'...
Track... 
Layout output to `Scales.ps'...
Converting to `Scales.pdf'...